INFO: file_cache is only supported with oauth2client<4.0.0
INFO: Fetching current Gmail labels...
INFO: --- Processing Migrations ---
INFO: Moving 1 threads from '01 Private/05 Other/02 Relationships/Mamma och Pappa' to '01 Private/05 Other/02 Relationships/Mamma & Pappa'
INFO: Deleting migrated label: '01 Private/05 Other/02 Relationships/Mamma och Pappa'
INFO: Moving 391 threads from '01 Private/05 Other/02 Relationships/CMA' to '01 Private/05 Other/02 Relationships/Carry Martens Adersteg'
INFO: Deleting migrated label: '01 Private/05 Other/02 Relationships/CMA'
INFO: Deleting migrated label: '01 Private/05 Other/03 Collections/Useful'
INFO: Moving 81 threads from '03 Studies/01 År 1 | (2009-2010)' to '03 Studies/02 Uppsala University/01 År 1 | (2009-2010)'
INFO: Deleting migrated label: '03 Studies/01 År 1 | (2009-2010)'
INFO: Moving 128 threads from '03 Studies/02 År 2 | (2010-2011)' to '03 Studies/02 Uppsala University/02 År 2 | (2010-2011)'
INFO: Deleting migrated label: '03 Studies/02 År 2 | (2010-2011)'
INFO: Moving 303 threads from '03 Studies/03 År 3 | (2011-2012)' to '03 Studies/02 Uppsala University/03 År 3 | (2011-2012)'
INFO: Deleting migrated label: '03 Studies/03 År 3 | (2011-2012)'
INFO: Moving 324 threads from '03 Studies/04 År 4 | (2012' to '03 Studies/02 Uppsala University/04 År 4 | (2012, 2014)'
INFO: Deleting migrated label: '03 Studies/04 År 4 | (2012'
INFO: Moving 324 threads from '2014)' to '03 Studies/02 Uppsala University/04 År 4 | (2012, 2014)'
INFO: Deleting migrated label: '2014)'
INFO: Moving 325 threads from '03 Studies/04 År 4 | (2012, 2014)' to '03 Studies/02 Uppsala University/04 År 4 | (2012, 2014)'
INFO: Deleting migrated label: '03 Studies/04 År 4 | (2012, 2014)'
INFO: Moving 281 threads from '03 Studies/05 År 5 | (2014-2015)' to '03 Studies/02 Uppsala University/05 År 5 | (2014-2015)'
INFO: Deleting migrated label: '03 Studies/05 År 5 | (2014-2015)'
INFO: Moving 4 threads from '01 Private/05 Other/01 Projects/20260411 Housewarming C&D' to '01 Private/05 Other/99 Archive/20260411 Housewarming C&D'
INFO: Deleting migrated label: '01 Private/05 Other/01 Projects/20260411 Housewarming C&D'
INFO: Moving 21 threads from '01 Private/05 Other/01 Projects/2027 W' to '01 Private/05 Other/01 Projects/2027 Wedding'
INFO: Deleting migrated label: '01 Private/05 Other/01 Projects/2027 W'
INFO: Moving 1 threads from '01 Private/05 Other/01 Projects/The System (TS)' to '01 Private/01 Personal Admin/01 Task Management/The System (TS)'
INFO: Deleting migrated label: '01 Private/05 Other/01 Projects/The System (TS)'
INFO: Moving 1 threads from '01 Private/04 Finances/01 Purchase [AGGREGATOR]/Receipts' to '01 Private/04 Finances/01 Purchase/Receipts'
INFO: Deleting migrated label: '01 Private/04 Finances/01 Purchase [AGGREGATOR]/Receipts'
INFO: Moving 1 threads from '00 Google Comments' to '99 Google Comments'
INFO: Deleting migrated label: '00 Google Comments'
INFO: Moving 143 threads from '01 Private/03 Personal Growth/01 Principles' to '01 Private/03 Personal Growth/01 Principles, Goals & Methods'
INFO: Deleting migrated label: '01 Private/03 Personal Growth/01 Principles'
INFO: Moving 143 threads from 'Goals & Methods' to '01 Private/03 Personal Growth/01 Principles, Goals & Methods'
INFO: Deleting migrated label: 'Goals & Methods'
INFO: Moving 1 threads from '02 Work/01 Employment/01 Current Roles/202605 Quantum 21' to '02 Work/01 Employment/01 202605 Quantum 21'
INFO: Deleting migrated label: '02 Work/01 Employment/01 Current Roles/202605 Quantum 21'
INFO: Moving 11 threads from '02 Work/01 Employment/01 Quantum 21' to '02 Work/01 Employment/01 202605 Quantum 21'
INFO: Deleting migrated label: '02 Work/01 Employment/01 Quantum 21'
INFO: Creating missing label: 02 Work/01 Employment/01 202605 Quantum 21/01 Professional Admin
INFO: Moving 6 threads from '02 Work/01 Employment/01 Quantum 21/01 Professional Admin' to '02 Work/01 Employment/01 202605 Quantum 21/01 Professional Admin'
INFO: Deleting migrated label: '02 Work/01 Employment/01 Quantum 21/01 Professional Admin'
INFO: Creating missing label: 02 Work/01 Employment/01 202605 Quantum 21/02 Team & Operations
INFO: Moving 6 threads from '02 Work/01 Employment/01 Quantum 21/02 Team & Operations' to '02 Work/01 Employment/01 202605 Quantum 21/02 Team & Operations'
INFO: Deleting migrated label: '02 Work/01 Employment/01 Quantum 21/02 Team & Operations'
INFO: Creating missing label: 02 Work/01 Employment/01 202605 Quantum 21/03 Professional Growth
INFO: Moving 1 threads from '02 Work/01 Employment/01 Quantum 21/03 Professional Growth' to '02 Work/01 Employment/01 202605 Quantum 21/03 Professional Growth'
INFO: Deleting migrated label: '02 Work/01 Employment/01 Quantum 21/03 Professional Growth'
INFO: Creating missing label: 02 Work/01 Employment/01 202605 Quantum 21/05 Projects
INFO: Moving 2 threads from '02 Work/01 Employment/01 Quantum 21/05 Projects' to '02 Work/01 Employment/01 202605 Quantum 21/05 Projects'
INFO: Deleting migrated label: '02 Work/01 Employment/01 Quantum 21/05 Projects'
INFO: Moving 27 threads from '02 Work/01 Employment/01 Playmetech/01 Professional Admin' to '02 Work/01 Employment/01 Playmetech/01 Playmetech Admin'
INFO: Deleting migrated label: '02 Work/01 Employment/01 Playmetech/01 Professional Admin'
INFO: Moving 7 threads from '99 Delete' to '99 To be deleted'
INFO: Deleting migrated label: '99 Delete'
INFO: Moving 84 threads from '03 Studies/99 Archive' to '03 Studies/99 Studies Archive'
INFO: Deleting migrated label: '03 Studies/99 Archive'
INFO: Moving 253 threads from '03 Studies/99 Archive/Stockholms Nation' to '03 Studies/99 Studies Archive/Stockholms Nation'
INFO: Deleting migrated label: '03 Studies/99 Archive/Stockholms Nation'
INFO: Moving 395 threads from '03 Studies/99 Archive/Uppsala University' to '03 Studies/99 Studies Archive/Uppsala University'
INFO: Deleting migrated label: '03 Studies/99 Archive/Uppsala University'
INFO: Deleting migrated label: '03 Studies/03 00 00'
INFO: Deleting migrated label: '03 Studies/03 00 00/99 Studies Archive'
INFO: Moving 309 threads from 'daniel.adersteg@revolut.com' to '02 Work/01 Employment/99 Archive/201911 Revolut'
INFO: Deleting migrated label: 'daniel.adersteg@revolut.com'
INFO: Moving 1 threads from '01 Private/05 Other/01 Projects/Colab Notebooks' to '01 Private/05 Other/01 Projects/Data Analysis & Software Development'
INFO: Deleting migrated label: '01 Private/05 Other/01 Projects/Colab Notebooks'
INFO: Moving 2 threads from '01 Professional Admin/Task Management' to '01 Private/01 Personal Admin/01 Task Management'
INFO: Deleting migrated label: '01 Professional Admin/Task Management'
INFO: Moving 1 threads from '01 Professional Admin/04 Finances/01 Purchase' to '01 Private/04 Finances/01 Purchase'
INFO: Deleting migrated label: '01 Professional Admin/04 Finances/01 Purchase'
INFO: Moving 8 threads from '02 Work/02 Career Management/Job Descriptions' to '02 Work/02 Career Management'
INFO: Deleting migrated label: '02 Work/02 Career Management/Job Descriptions'
INFO: Deleting migrated label: '98 SMS'
INFO: Moving 3 threads from '98 Telegram' to '99 Telegram'
INFO: Deleting migrated label: '98 Telegram'
INFO: Moving 19 threads from '98 WhatsApp' to '99 WhatsApp'
INFO: Deleting migrated label: '98 WhatsApp'
INFO: --- Processing Splits ---
INFO: Splitting 17 threads from '01 Private/04 Finances/01 Purchase, 01 Private/02 Health/02 Mental Health' into ['01 Private/04 Finances/01 Purchase', '01 Private/02 Health/02 Mental Health']
INFO: Deleting split label: '01 Private/04 Finances/01 Purchase, 01 Private/02 Health/02 Mental Health'
INFO: Splitting 371 threads from '01 Private/05 Other/03 Collections/Newsletters, 01 Private/05 Other/01 Projects/AI' into ['01 Private/05 Other/03 Collections/Newsletters', '01 Private/05 Other/01 Projects/AI']
INFO: Deleting split label: '01 Private/05 Other/03 Collections/Newsletters, 01 Private/05 Other/01 Projects/AI'
INFO: --- Processing Deletions ---
INFO: Deleting garbage label: '2026; Present the gift voucher (02/11/2025) at the session'
INFO: Deleting garbage label: 'Attend the perfume workshop at OPAR Alegria in Lisbon on May 11'
INFO: Deleting garbage label: 'N/A'
INFO: Deleting garbage label: 'Photo_Extracted'
INFO: Done!
